This is pdfTeX, Version 3.141592653-2.6-1.40.25 (MiKTeX 24.1) (preloaded format=pdflatex 2024.6.15)  25 OCT 2024 15:47
entering extended mode
 restricted \write18 enabled.
 %&-line parsing enabled.
**./src/public/documents/example2.tex
(src/public/documents/example2.tex
LaTeX2e <2023-11-01> patch level 1
L3 programming layer <2024-01-04>

(C:\Users\sebas\AppData\Local\Programs\MiKTeX\tex/latex/l3backend\l3backend-pdf
tex.def
File: l3backend-pdftex.def 2024-01-04 L3 backend support: PDF output (pdfTeX)
\l__color_backend_stack_int=\count187
\l__pdf_internal_box=\box51
)
No file example2.aux.
\openout1 = `example2.aux'.

LaTeX Font Info:    Checking defaults for OML/cmm/m/it on input line 1.
LaTeX Font Info:    ... okay on input line 1.
LaTeX Font Info:    Checking defaults for OMS/cmsy/m/n on input line 1.
LaTeX Font Info:    ... okay on input line 1.
LaTeX Font Info:    Checking defaults for OT1/cmr/m/n on input line 1.
LaTeX Font Info:    ... okay on input line 1.
LaTeX Font Info:    Checking defaults for T1/cmr/m/n on input line 1.
LaTeX Font Info:    ... okay on input line 1.
LaTeX Font Info:    Checking defaults for TS1/cmr/m/n on input line 1.
LaTeX Font Info:    ... okay on input line 1.
LaTeX Font Info:    Checking defaults for OMX/cmex/m/n on input line 1.
LaTeX Font Info:    ... okay on input line 1.
LaTeX Font Info:    Checking defaults for U/cmr/m/n on input line 1.
LaTeX Font Info:    ... okay on input line 1.

! LaTeX Error: The font size command \normalsize is not defined:
               there is probably something wrong with the class file.

See the LaTeX manual or LaTeX Companion for explanation.
Type  H <return>  for immediate help.
 ...                                              
                                                  
l.1 \begin{document}
                    
? 
! Undefined control sequence.
<write> ...: Citation `\@citeb ' on page \thepage 
                                                  \space undefined\on@line .
l.2 ...o radios, etc. \cite{chaparro_signals_2010}
                                                  
? 

LaTeX Warning: Citation `chaparro_signals_2010' on page  undefined on input lin
e 2.

LaTeX Font Info:    External font `cmex10' loaded for size
(Font)              <7> on input line 9.
LaTeX Font Info:    External font `cmex10' loaded for size
(Font)              <5> on input line 9.
! Undefined control sequence.
l.14 \subsection
                {Ejemplo de representación 1.}
? 
! Undefined control sequence.
<write> ...ng: Reference `euler' on page \thepage 
                                                  \space undefined\on@line .
l.15 Aplicando  \ref{euler}
                            a una señal de forma:
? 

LaTeX Warning: Reference `euler' on page  undefined on input line 15.


! LaTeX Error: Environment equation* undefined.

See the LaTeX manual or LaTeX Companion for explanation.
Type  H <return>  for immediate help.
 ...                                              
                                                  
l.16 \begin{equation*}
                      
? 
! Missing $ inserted.
<inserted text> 
                $
l.17     x(t) = Ae^
                   {at}
? 

! LaTeX Error: \begin{document} ended by \end{equation*}.

See the LaTeX manual or LaTeX Companion for explanation.
Type  H <return>  for immediate help.
 ...                                              
                                                  
l.18 \end{equation*}
                    
? 
! Missing $ inserted.
<inserted text> 
                $
l.18 \end{equation*}
                    
? 

! LaTeX Error: Environment equation* undefined.

See the LaTeX manual or LaTeX Companion for explanation.
Type  H <return>  for immediate help.
 ...                                              
                                                  
l.24 \begin{equation*}
                      
? 
! Missing $ inserted.
<inserted text> 
                $
l.25     x(t) = |A|e^
                     {j\theta} \cdot e^{(r+j\Omega_0)t}
? 

! LaTeX Error: \begin{document} ended by \end{equation*}.

See the LaTeX manual or LaTeX Companion for explanation.
Type  H <return>  for immediate help.
 ...                                              
                                                  
l.26 \end{equation*}
                    
? 
! Missing $ inserted.
<inserted text> 
                $
l.26 \end{equation*}
                    
? 

! LaTeX Error: Environment equation* undefined.

See the LaTeX manual or LaTeX Companion for explanation.
Type  H <return>  for immediate help.
 ...                                              
                                                  
l.27 \begin{equation*}
                      
? 
! Missing $ inserted.
<inserted text> 
                $
l.28     x(t) = |A|e^
                     {[j\theta + (r+j\Omega_0)t]}
? 

! LaTeX Error: \begin{document} ended by \end{equation*}.

See the LaTeX manual or LaTeX Companion for explanation.
Type  H <return>  for immediate help.
 ...                                              
                                                  
l.29 \end{equation*}
                    
? 
! Missing $ inserted.
<inserted text> 
                $
l.29 \end{equation*}
                    
? 

! LaTeX Error: Environment equation* undefined.

See the LaTeX manual or LaTeX Companion for explanation.
Type  H <return>  for immediate help.
 ...                                              
                                                  
l.30 \begin{equation*}
                      
? 
! Missing $ inserted.
<inserted text> 
                $
l.31     x(t) = |A|e^
                     {[j\theta+rt+j\Omega_0 t]}
? 

! LaTeX Error: \begin{document} ended by \end{equation*}.

See the LaTeX manual or LaTeX Companion for explanation.
Type  H <return>  for immediate help.
 ...                                              
                                                  
l.32 \end{equation*}
                    
? 
! Missing $ inserted.
<inserted text> 
                $
l.32 \end{equation*}
                    
? 

! LaTeX Error: Environment equation* undefined.

See the LaTeX manual or LaTeX Companion for explanation.
Type  H <return>  for immediate help.
 ...                                              
                                                  
l.33 \begin{equation*}
                      
? 
! Missing $ inserted.
<inserted text> 
                $
l.34     x(t) = |A|e^
                     {[rt+j(\Omega_0 t+\theta)]}
? 

! LaTeX Error: \begin{document} ended by \end{equation*}.

See the LaTeX manual or LaTeX Companion for explanation.
Type  H <return>  for immediate help.
 ...                                              
                                                  
l.35 \end{equation*}
                    
? 
! Missing $ inserted.
<inserted text> 
                $
l.35 \end{equation*}
                    
? 

! LaTeX Error: Environment equation* undefined.

See the LaTeX manual or LaTeX Companion for explanation.
Type  H <return>  for immediate help.
 ...                                              
                                                  
l.36 \begin{equation*}
                      
? 
! Missing $ inserted.
<inserted text> 
                $
l.37     x(t) = |A|e^
                     {rt}\cdot e^{j(\Omega_0 t +\theta)}
? 

! LaTeX Error: \begin{document} ended by \end{equation*}.

See the LaTeX manual or LaTeX Companion for explanation.
Type  H <return>  for immediate help.
 ...                                              
                                                  
l.38 \end{equation*}
                    
? 
! Missing $ inserted.
<inserted text> 
                $
l.38 \end{equation*}
                    
? 
! Undefined control sequence.
<write> ...: Citation `\@citeb ' on page \thepage 
                                                  \space undefined\on@line .
l.43 ...iable continua. \cite{tarrio_ondas_nodate}
                                                  .
? 

LaTeX Warning: Citation `tarrio_ondas_nodate' on page  undefined on input line 
43.

! Undefined control sequence.
l.58 \subsection
                {Ejemplo de representación 2}
? 
! Undefined control sequence.
l.67 \subsection
                {Representación de una señal mediante las series de Fourier}
? 
! Undefined control sequence.
<write> ...: Citation `\@citeb ' on page \thepage 
                                                  \space undefined\on@line .
l.69 ... complejas\cite{moya_procesamiento_nodate}
                                                  . Se representa mediante u...

? 

LaTeX Warning: Citation `moya_procesamiento_nodate' on page  undefined on input
 line 69.


! LaTeX Error: The font size command \normalsize is not defined:
               there is probably something wrong with the class file.

See the LaTeX manual or LaTeX Companion for explanation.
Type  H <return>  for immediate help.
 ...                                              
                                                  
l.78 \end{document}
                   
? 
[1{C:/Users/sebas/AppData/Local/MiKTeX/fonts/map/pdftex/pdftex.map}
! Undefined control sequence.
<write> \newlabel{euler}{{1}{\thepage 
                                      }{}{}{}}
l.78 \end{document}
                   
? 
! Undefined control sequence.
<write> \newlabel{Real}{{3}{\thepage 
                                     }{}{}{}}
l.78 \end{document}
                   
? 
! Undefined control sequence.
<write> \newlabel{Ima}{{4}{\thepage 
                                    }{}{}{}}
l.78 \end{document}
                   
? 
! Undefined control sequence.
<write> \newlabel{FourierExp}{{5}{\thepage 
                                           }{}{}{}}
l.78 \end{document}
                   
? 
]
(C:\Users\sebas\Documents\Tests\SSML\src\public\pdf\example2\example2.tex\examp
le2.aux)
 ***********
LaTeX2e <2023-11-01> patch level 1
L3 programming layer <2024-01-04>
 ***********


LaTeX Warning: There were undefined references.


LaTeX Warning: Label(s) may have changed. Rerun to get cross-references right.

 ) 
Here is how much of TeX's memory you used:
 237 strings out of 474486
 6563 string characters out of 5743755
 1932542 words of memory out of 5000000
 22612 multiletter control sequences out of 15000+600000
 558377 words of font info for 37 fonts, out of 8000000 for 9000
 1141 hyphenation exceptions out of 8191
 35i,5n,50p,271b,78s stack positions out of 10000i,1000n,20000p,200000b,200000s
<C:/Users/sebas/AppData/Local/Programs/MiKTeX/fonts/type1/public/amsfonts/cm/
cmbx10.pfb><C:/Users/sebas/AppData/Local/Programs/MiKTeX/fonts/type1/public/ams
fonts/cm/cmex10.pfb><C:/Users/sebas/AppData/Local/Programs/MiKTeX/fonts/type1/p
ublic/amsfonts/cm/cmmi10.pfb><C:/Users/sebas/AppData/Local/Programs/MiKTeX/font
s/type1/public/amsfonts/cm/cmmi5.pfb><C:/Users/sebas/AppData/Local/Programs/MiK
TeX/fonts/type1/public/amsfonts/cm/cmmi7.pfb><C:/Users/sebas/AppData/Local/Prog
rams/MiKTeX/fonts/type1/public/amsfonts/cm/cmr10.pfb><C:/Users/sebas/AppData/Lo
cal/Programs/MiKTeX/fonts/type1/public/amsfonts/cm/cmr5.pfb><C:/Users/sebas/App
Data/Local/Programs/MiKTeX/fonts/type1/public/amsfonts/cm/cmr7.pfb><C:/Users/se
bas/AppData/Local/Programs/MiKTeX/fonts/type1/public/amsfonts/cm/cmsy10.pfb><C:
/Users/sebas/AppData/Local/Programs/MiKTeX/fonts/type1/public/amsfonts/cm/cmsy7
.pfb>
Output written on C:\Users\sebas\Documents\Tests\SSML\src\public\pdf\example2\e
xample2.tex\example2.pdf (1 page, 114697 bytes).
PDF statistics:
 56 PDF objects out of 1000 (max. 8388607)
 0 named destinations out of 1000 (max. 500000)
 1 words of extra memory for PDF output out of 10000 (max. 10000000)

